[1013/183557.456:INFO:CONSOLE(1)] "Uncaught ReferenceError: jQuery is not defined", source: https://learn.iide.co/wp-content/plugins/integromat-connector//assets/iwc.js?ver=6.0.2 (1)
[1013/183557.457:INFO:CONSOLE(1)] "Uncaught ReferenceError: jQuery is not defined", source: https://learn.iide.co/wp-content/plugins/uncanny-learndash-toolkit/src/assets/backend/js/global.js?ver=3.6.3 (1)
[1013/183557.458:INFO:CONSOLE(1)] "Uncaught ReferenceError: jQuery is not defined", source: https://learn.iide.co/wp-content/plugins/gravityforms/js/tooltip_init.min.js?ver=2.5.9 (1)
[1013/183557.525:INFO:CONSOLE(1799)] "Uncaught ReferenceError: jQuery is not defined", source: https://learn.iide.co/wp-admin/admin.php?page=learndash-lms-reports (1799)
[1013/183557.526:INFO:CONSOLE(1806)] "Uncaught ReferenceError: jQuery is not defined", source: https://learn.iide.co/wp-admin/admin.php?page=learndash-lms-reports (1806)
[1013/183557.571:INFO:CONSOLE(2)] "Uncaught ReferenceError: jQuery is not defined", source: https://learn.iide.co/wp-admin/load-scripts.php?c=1&load%5Bchunk_0%5D=hoverIntent,regenerator-runtime,wp-polyfill,wp-hooks&ver=6.0.2 (2)
[1013/183557.573:INFO:CONSOLE(2)] "Uncaught TypeError: Cannot read properties of undefined (reading 'hooks')", source: https://learn.iide.co/wp-includes/js/dist/i18n.min.js?ver=ebee46757c6a411e38fd079a7ac71d94 (2)
[1013/183557.573:INFO:CONSOLE(1862)] "Uncaught ReferenceError: wp is not defined", source: https://learn.iide.co/wp-admin/admin.php?page=learndash-lms-reports (1862)
[1013/183557.574:INFO:CONSOLE(2)] "Uncaught ReferenceError: jQuery is not defined", source: https://learn.iide.co/wp-admin/js/common.min.js?ver=6.0.2 (2)
[1013/183557.869:INFO:CONSOLE(1)] "Uncaught ReferenceError: jQuery is not defined", source: https://learn.iide.co/wp-content/plugins/sfwd-lms/assets/js/learndash-admin-settings-data-reports.min.js?ver=4.3.1 (1)
[1013/183557.871:INFO:CONSOLE(238)] "Uncaught ReferenceError: jQuery is not defined", source: https://learn.iide.co/wp-admin/js/svg-painter.js?ver=6.0.2 (238)
[1013/183557.873:INFO:CONSOLE(2)] "Uncaught ReferenceError: jQuery is not defined", source: https://learn.iide.co/wp-includes/js/heartbeat.min.js?ver=6.0.2 (2)
[1013/183557.875:INFO:CONSOLE(2)] "Uncaught ReferenceError: jQuery is not defined", source: https://learn.iide.co/wp-includes/js/wp-auth-check.min.js?ver=6.0.2 (2)
[1013/183557.877:INFO:CONSOLE(9)] "Uncaught ReferenceError: jQuery is not defined", source: https://learn.iide.co/wp-includes/js/jquery/ui/tabs.min.js?ver=1.13.1 (9)
[1013/183557.881:INFO:CONSOLE(1)] "Uncaught ReferenceError: jQuery is not defined", source: https://learn.iide.co/wp-content/plugins/sfwd-lms/assets/js/learndash-admin-menu.min.js?ver=4.3.1 (1)
[1013/183557.885:INFO:CONSOLE(2)] "Uncaught TypeError: g is not a function", source: https://learn.iide.co/wp-admin/js/editor.min.js?ver=6.0.2 (2)
[1013/183557.892:INFO:CONSOLE(2)] "Uncaught ReferenceError: jQuery is not defined", source: https://learn.iide.co/wp-includes/js/wplink.min.js?ver=6.0.2 (2)
[1013/183557.896:INFO:CONSOLE(9)] "Uncaught ReferenceError: jQuery is not defined", source: https://learn.iide.co/wp-includes/js/jquery/ui/menu.min.js?ver=1.13.1 (9)
[1013/183557.901:INFO:CONSOLE(9)] "Uncaught ReferenceError: jQuery is not defined", source: https://learn.iide.co/wp-includes/js/jquery/ui/autocomplete.min.js?ver=1.13.1 (9)
[1013/183557.902:INFO:CONSOLE(2)] "Uncaught ReferenceError: jQuery is not defined", source: https://learn.iide.co/wp-includes/js/thickbox/thickbox.js?ver=3.1-20121105 (2)
[1013/183557.905:INFO:CONSOLE(2)] "Uncaught ReferenceError: jQuery is not defined", source: https://learn.iide.co/wp-admin/js/media-upload.min.js?ver=6.0.2 (2)
[1013/183557.908:INFO:CONSOLE(9)] "Uncaught ReferenceError: jQuery is not defined", source: https://learn.iide.co/wp-includes/js/jquery/ui/mouse.min.js?ver=1.13.1 (9)
[1013/183557.910:INFO:CONSOLE(9)] "Uncaught ReferenceError: jQuery is not defined", source: https://learn.iide.co/wp-includes/js/jquery/ui/resizable.min.js?ver=1.13.1 (9)
[1013/183557.925:INFO:CONSOLE(9)] "Uncaught ReferenceError: jQuery is not defined", source: https://learn.iide.co/wp-includes/js/jquery/ui/draggable.min.js?ver=1.13.1 (9)
[1013/183557.926:INFO:CONSOLE(9)] "Uncaught ReferenceError: jQuery is not defined", source: https://learn.iide.co/wp-includes/js/jquery/ui/controlgroup.min.js?ver=1.13.1 (9)
[1013/183557.927:INFO:CONSOLE(9)] "Uncaught ReferenceError: jQuery is not defined", source: https://learn.iide.co/wp-includes/js/jquery/ui/checkboxradio.min.js?ver=1.13.1 (9)
[1013/183557.964:INFO:CONSOLE(9)] "Uncaught ReferenceError: jQuery is not defined", source: https://learn.iide.co/wp-includes/js/jquery/ui/button.min.js?ver=1.13.1 (9)
[1013/183557.970:INFO:CONSOLE(9)] "Uncaught ReferenceError: jQuery is not defined", source: https://learn.iide.co/wp-includes/js/jquery/ui/dialog.min.js?ver=1.13.1 (9)
[1013/183557.982:INFO:CONSOLE(2)] "Uncaught ReferenceError: jQuery is not defined", source: https://learn.iide.co/wp-includes/js/wp-util.min.js?ver=6.0.2 (2)
[1013/183557.991:INFO:CONSOLE(2)] "Uncaught ReferenceError: jQuery is not defined", source: https://learn.iide.co/wp-includes/js/wp-backbone.min.js?ver=6.0.2 (2)
[1013/183558.015:INFO:CONSOLE(2)] "Uncaught ReferenceError: jQuery is not defined", source: https://learn.iide.co/wp-includes/js/media-models.min.js?ver=6.0.2 (2)
[1013/183558.016:INFO:CONSOLE(1)] "Uncaught ReferenceError: jQuery is not defined", source: https://learn.iide.co/wp-includes/js/plupload/wp-plupload.min.js?ver=6.0.2 (1)
[1013/183558.018:INFO:CONSOLE(9)] "Uncaught ReferenceError: jQuery is not defined", source: https://learn.iide.co/wp-includes/js/jquery/ui/sortable.min.js?ver=1.13.1 (9)
[1013/183558.049:INFO:CONSOLE(1)] "Uncaught ReferenceError: jQuery is not defined", source: https://learn.iide.co/wp-includes/js/mediaelement/mediaelement-migrate.min.js?ver=6.0.2 (1)
[1013/183558.050:INFO:CONSOLE(1)] "Uncaught ReferenceError: jQuery is not defined", source: https://learn.iide.co/wp-includes/js/mediaelement/wp-mediaelement.min.js?ver=6.0.2 (1)
[1013/183558.063:INFO:CONSOLE(2)] "Uncaught ReferenceError: jQuery is not defined", source: https://learn.iide.co/wp-includes/js/api-request.min.js?ver=6.0.2 (2)
[1013/183558.102:INFO:CONSOLE(2)] "Uncaught ReferenceError: jQuery is not defined", source: https://learn.iide.co/wp-includes/js/media-editor.min.js?ver=6.0.2 (2)
[1013/183558.103:INFO:CONSOLE(2)] "Uncaught TypeError: Cannot set properties of undefined (setting 'mixin')", source: https://learn.iide.co/wp-includes/js/media-audiovideo.min.js?ver=6.0.2 (2)
[1013/183558.140:INFO:CONSOLE(2)] "Uncaught TypeError: Cannot read properties of undefined (reading 'template')", source: https://learn.iide.co/wp-includes/js/mce-view.min.js?ver=6.0.2 (2)
[1013/183558.141:INFO:CONSOLE(1)] "Uncaught ReferenceError: jQuery is not defined", source: https://learn.iide.co/wp-includes/js/imgareaselect/jquery.imgareaselect.min.js?ver=6.0.2 (1)
[1013/183558.142:INFO:CONSOLE(2)] "Uncaught ReferenceError: jQuery is not defined", source: https://learn.iide.co/wp-admin/js/image-edit.min.js?ver=6.0.2 (2)
[1013/183558.148:INFO:CONSOLE(1)] "Uncaught ReferenceError: jQuery is not defined", source: https://learn.iide.co/wp-content/plugins/sfwd-lms/assets/js/sfwd_module.min.js?ver=4.3.1 (1)
[1013/183558.158:INFO:CONSOLE(1)] "Uncaught ReferenceError: jQuery is not defined", source: https://learn.iide.co/wp-content/plugins/sfwd-lms/assets/js/learndash-admin-shortcodes.min.js?ver=4.3.1 (1)
[1013/183558.189:INFO:CONSOLE(9)] "Uncaught ReferenceError: jQuery is not defined", source: https://learn.iide.co/wp-includes/js/jquery/ui/slider.min.js?ver=1.13.1 (9)
[1013/183558.190:INFO:CONSOLE(10)] "Uncaught ReferenceError: jQuery is not defined", source: https://learn.iide.co/wp-includes/js/jquery/jquery.ui.touch-punch.js?ver=0.2.2 (10)
[1013/183558.225:INFO:CONSOLE(5)] "Uncaught ReferenceError: jQuery is not defined", source: https://learn.iide.co/wp-admin/js/iris.min.js?ver=1.1.1 (5)
[1013/183558.226:INFO:CONSOLE(2)] "Uncaught ReferenceError: jQuery is not defined", source: https://learn.iide.co/wp-admin/js/color-picker.min.js?ver=6.0.2 (2)
[1013/183558.228:INFO:CONSOLE(1)] "Uncaught ReferenceError: jQuery is not defined", source: https://learn.iide.co/wp-content/plugins/sfwd-lms/assets/js/learndash-admin-settings-page.min.js?ver=4.3.1 (1)
[1013/183558.243:INFO:CONSOLE(1995)] "Uncaught ReferenceError: tinymce is not defined", source: https://learn.iide.co/wp-admin/admin.php?page=learndash-lms-reports (1995)
[1013/183558.247:INFO:CONSOLE(2)] "Uncaught TypeError: Cannot read properties of undefined (reading '__')", source: https://learn.iide.co/wp-includes/js/dist/a11y.min.js?ver=a38319d7ba46c6e60f7f9d4c371222c5 (2)
[1013/183600.318:INFO:CONSOLE(5)] "JQMIGRATE: Migrate is installed, version 3.3.2", source: https://learn.iide.co/wp-admin/load-scripts.php?c=1&load%5Bchunk_0%5D=jquery-core,jquery-migrate,utils,jquery-ui-core,jquery-ui-tooltip&ver=6.0.2 (5)
